O:\TEMP\WIN32PROJECT1\WIN32PROJECT1\DEBUG\CAMERA.OBJ
O:\TEMP\WIN32PROJECT1\WIN32PROJECT1\DEBUG\ENGINE.OBJ
O:\TEMP\WIN32PROJECT1\WIN32PROJECT1\DEBUG\ENVIROMENT.OBJ
O:\TEMP\WIN32PROJECT1\WIN32PROJECT1\DEBUG\GRAPHICSGL.OBJ
O:\TEMP\WIN32PROJECT1\WIN32PROJECT1\DEBUG\MAIN.OBJ
O:\TEMP\WIN32PROJECT1\WIN32PROJECT1\DEBUG\MESH.OBJ
O:\TEMP\WIN32PROJECT1\WIN32PROJECT1\DEBUG\MESHCONTAINER.OBJ
O:\TEMP\WIN32PROJECT1\WIN32PROJECT1\DEBUG\MESSAGE.OBJ
O:\TEMP\WIN32PROJECT1\WIN32PROJECT1\DEBUG\OBJECT.OBJ
O:\TEMP\WIN32PROJECT1\WIN32PROJECT1\DEBUG\PLANET.OBJ
O:\TEMP\WIN32PROJECT1\WIN32PROJECT1\DEBUG\SHADER.OBJ
O:\TEMP\WIN32PROJECT1\WIN32PROJECT1\DEBUG\SHADERCONTAINER.OBJ
O:\TEMP\WIN32PROJECT1\WIN32PROJECT1\DEBUG\TEXTURE.OBJ
O:\TEMP\WIN32PROJECT1\WIN32PROJECT1\DEBUG\TEXTURECONTAINER.OBJ
O:\TEMP\WIN32PROJECT1\WIN32PROJECT1\DEBUG\TIME.OBJ
O:\TEMP\WIN32PROJECT1\WIN32PROJECT1\DEBUG\UNIFORM.OBJ
O:\TEMP\WIN32PROJECT1\WIN32PROJECT1\DEBUG\VC110.PDB
O:\TEMP\WIN32PROJECT1\WIN32PROJECT1\DEBUG\ASTEROID.OBJ
O:\TEMP\WIN32PROJECT1\WIN32PROJECT1\DEBUG\PHYSICS.OBJ
O:\TEMP\WIN32PROJECT1\WIN32PROJECT1\DEBUG\LASER.OBJ
O:\TEMP\WIN32PROJECT1\WIN32PROJECT1\DEBUG\WORLD.OBJ
C:\USERS\ZEROONE\DESKTOP\WIN32PROJECT1\WIN32PROJECT1\DEBUG\VC110.PDB
C:\USERS\ZEROONE\DESKTOP\WIN32PROJECT1\WIN32PROJECT1\DEBUG\ENGINE.OBJ
C:\USERS\ZEROONE\DESKTOP\WIN32PROJECT1\WIN32PROJECT1\DEBUG\MAIN.OBJ
C:\USERS\ZEROONE\DESKTOP\WIN32PROJECT1\WIN32PROJECT1\DEBUG\WORLD.OBJ
C:\USERS\ZEROONE\DESKTOP\WIN32PROJECT1\WIN32PROJECT1\DEBUG\TEXTURE.OBJ
C:\USERS\ZEROONE\DESKTOP\WIN32PROJECT1\WIN32PROJECT1\DEBUG\RETICLE.OBJ
O:\TEMP\WIN32PROJECT1\WIN32PROJECT1\DEBUG\RETICLE.OBJ
O:\TEMP\WIN32PROJECT1\WIN32PROJECT1\DEBUG\PLAYER.OBJ
O:\TEMP\WIN32PROJECT1\WIN32PROJECT1\DEBUG\PRECOMPILED.OBJ
C:\USERS\ZEROONE\DESKTOP\WIN32PROJECT1\DEBUG\WIN32PROJECT1.ILK
C:\USERS\ZEROONE\DESKTOP\WIN32PROJECT1\DEBUG\WIN32PROJECT1.EXE
C:\USERS\ZEROONE\DESKTOP\WIN32PROJECT1\DEBUG\WIN32PROJECT1.PDB
O:\TEMP\WIN32PROJECT1\DEBUG\WIN32PROJECT1.ILK
O:\TEMP\WIN32PROJECT1\DEBUG\WIN32PROJECT1.EXE
O:\TEMP\WIN32PROJECT1\DEBUG\WIN32PROJECT1.PDB
O:\Temp\Win32Project1\Win32Project1\Debug\kernel.cu.cache
O:\Temp\Win32Project1\Win32Project1\Debug\Asteroid.obj
O:\Temp\Win32Project1\Win32Project1\Debug\Enviroment.obj
O:\Temp\Win32Project1\Win32Project1\Debug\GraphicsGL.obj
O:\Temp\Win32Project1\Win32Project1\Debug\kernel.cu.obj
O:\Temp\Win32Project1\Win32Project1\Debug\Laser.obj
O:\Temp\Win32Project1\Win32Project1\Debug\Main.obj
O:\Temp\Win32Project1\Win32Project1\Debug\Mesh.obj
O:\Temp\Win32Project1\Win32Project1\Debug\MeshContainer.obj
O:\Temp\Win32Project1\Win32Project1\Debug\Message.obj
O:\Temp\Win32Project1\Win32Project1\Debug\Object.obj
O:\Temp\Win32Project1\Win32Project1\Debug\Physics.obj
O:\Temp\Win32Project1\Win32Project1\Debug\Planet.obj
O:\Temp\Win32Project1\Win32Project1\Debug\Player.obj
O:\Temp\Win32Project1\Win32Project1\Debug\Precompiled.obj
O:\Temp\Win32Project1\Win32Project1\Debug\Reticle.obj
O:\Temp\Win32Project1\Win32Project1\Debug\Shader.obj
O:\Temp\Win32Project1\Win32Project1\Debug\ShaderContainer.obj
O:\Temp\Win32Project1\Win32Project1\Debug\Texture.obj
O:\Temp\Win32Project1\Win32Project1\Debug\TextureContainer.obj
O:\Temp\Win32Project1\Win32Project1\Debug\Time.obj
O:\Temp\Win32Project1\Win32Project1\Debug\Uniform.obj
O:\Temp\Win32Project1\Win32Project1\Debug\World.obj
O:\Temp\Win32Project1\Win32Project1\Debug\cl.command.1.tlog
O:\Temp\Win32Project1\Win32Project1\Debug\CL.read.1.tlog
O:\Temp\Win32Project1\Win32Project1\Debug\CL.write.1.tlog
O:\Temp\Win32Project1\Win32Project1\Debug\link-cvtres.read.1.tlog
O:\Temp\Win32Project1\Win32Project1\Debug\link-cvtres.write.1.tlog
O:\Temp\Win32Project1\Win32Project1\Debug\link-rc.read.1.tlog
O:\Temp\Win32Project1\Win32Project1\Debug\link-rc.write.1.tlog
O:\Temp\Win32Project1\Win32Project1\Debug\link.10084-cvtres.read.1.tlog
O:\Temp\Win32Project1\Win32Project1\Debug\link.10084-cvtres.write.1.tlog
O:\Temp\Win32Project1\Win32Project1\Debug\link.10084-rc.read.1.tlog
O:\Temp\Win32Project1\Win32Project1\Debug\link.10084-rc.write.1.tlog
O:\Temp\Win32Project1\Win32Project1\Debug\link.10084.read.1.tlog
O:\Temp\Win32Project1\Win32Project1\Debug\link.10084.write.1.tlog
O:\Temp\Win32Project1\Win32Project1\Debug\link.10092-cvtres.read.1.tlog
O:\Temp\Win32Project1\Win32Project1\Debug\link.10092-cvtres.write.1.tlog
O:\Temp\Win32Project1\Win32Project1\Debug\link.10092-rc.read.1.tlog
O:\Temp\Win32Project1\Win32Project1\Debug\link.10092-rc.write.1.tlog
O:\Temp\Win32Project1\Win32Project1\Debug\link.10092.read.1.tlog
O:\Temp\Win32Project1\Win32Project1\Debug\link.10092.write.1.tlog
O:\Temp\Win32Project1\Win32Project1\Debug\link.10152-cvtres.read.1.tlog
O:\Temp\Win32Project1\Win32Project1\Debug\link.10152-cvtres.write.1.tlog
O:\Temp\Win32Project1\Win32Project1\Debug\link.10152-rc.read.1.tlog
O:\Temp\Win32Project1\Win32Project1\Debug\link.10152-rc.write.1.tlog
O:\Temp\Win32Project1\Win32Project1\Debug\link.10152.read.1.tlog
O:\Temp\Win32Project1\Win32Project1\Debug\link.10152.write.1.tlog
O:\Temp\Win32Project1\Win32Project1\Debug\link.2216-cvtres.read.1.tlog
O:\Temp\Win32Project1\Win32Project1\Debug\link.2216-cvtres.write.1.tlog
O:\Temp\Win32Project1\Win32Project1\Debug\link.2216-rc.read.1.tlog
O:\Temp\Win32Project1\Win32Project1\Debug\link.2216-rc.write.1.tlog
O:\Temp\Win32Project1\Win32Project1\Debug\link.2216.read.1.tlog
O:\Temp\Win32Project1\Win32Project1\Debug\link.2216.write.1.tlog
O:\Temp\Win32Project1\Win32Project1\Debug\link.2300-cvtres.read.1.tlog
O:\Temp\Win32Project1\Win32Project1\Debug\link.2300-cvtres.write.1.tlog
O:\Temp\Win32Project1\Win32Project1\Debug\link.2300-rc.read.1.tlog
O:\Temp\Win32Project1\Win32Project1\Debug\link.2300-rc.write.1.tlog
O:\Temp\Win32Project1\Win32Project1\Debug\link.2300.read.1.tlog
O:\Temp\Win32Project1\Win32Project1\Debug\link.2300.write.1.tlog
O:\Temp\Win32Project1\Win32Project1\Debug\link.2384-cvtres.read.1.tlog
O:\Temp\Win32Project1\Win32Project1\Debug\link.2384-cvtres.write.1.tlog
O:\Temp\Win32Project1\Win32Project1\Debug\link.2384-rc.read.1.tlog
O:\Temp\Win32Project1\Win32Project1\Debug\link.2384-rc.write.1.tlog
O:\Temp\Win32Project1\Win32Project1\Debug\link.2384.read.1.tlog
O:\Temp\Win32Project1\Win32Project1\Debug\link.2384.write.1.tlog
O:\Temp\Win32Project1\Win32Project1\Debug\link.4236-cvtres.read.1.tlog
O:\Temp\Win32Project1\Win32Project1\Debug\link.4236-cvtres.write.1.tlog
O:\Temp\Win32Project1\Win32Project1\Debug\link.4236-rc.read.1.tlog
O:\Temp\Win32Project1\Win32Project1\Debug\link.4236-rc.write.1.tlog
O:\Temp\Win32Project1\Win32Project1\Debug\link.4236.read.1.tlog
O:\Temp\Win32Project1\Win32Project1\Debug\link.4236.write.1.tlog
O:\Temp\Win32Project1\Win32Project1\Debug\link.5012-cvtres.read.1.tlog
O:\Temp\Win32Project1\Win32Project1\Debug\link.5012-cvtres.write.1.tlog
O:\Temp\Win32Project1\Win32Project1\Debug\link.5012-rc.read.1.tlog
O:\Temp\Win32Project1\Win32Project1\Debug\link.5012-rc.write.1.tlog
O:\Temp\Win32Project1\Win32Project1\Debug\link.5012.read.1.tlog
O:\Temp\Win32Project1\Win32Project1\Debug\link.5012.write.1.tlog
O:\Temp\Win32Project1\Win32Project1\Debug\link.5308-cvtres.read.1.tlog
O:\Temp\Win32Project1\Win32Project1\Debug\link.5308-cvtres.write.1.tlog
O:\Temp\Win32Project1\Win32Project1\Debug\link.5308-rc.read.1.tlog
O:\Temp\Win32Project1\Win32Project1\Debug\link.5308-rc.write.1.tlog
O:\Temp\Win32Project1\Win32Project1\Debug\link.5308.read.1.tlog
O:\Temp\Win32Project1\Win32Project1\Debug\link.5308.write.1.tlog
O:\Temp\Win32Project1\Win32Project1\Debug\link.5484-cvtres.read.1.tlog
O:\Temp\Win32Project1\Win32Project1\Debug\link.5484-cvtres.write.1.tlog
O:\Temp\Win32Project1\Win32Project1\Debug\link.5484-rc.read.1.tlog
O:\Temp\Win32Project1\Win32Project1\Debug\link.5484-rc.write.1.tlog
O:\Temp\Win32Project1\Win32Project1\Debug\link.5484.read.1.tlog
O:\Temp\Win32Project1\Win32Project1\Debug\link.5484.write.1.tlog
O:\Temp\Win32Project1\Win32Project1\Debug\link.6240-cvtres.read.1.tlog
O:\Temp\Win32Project1\Win32Project1\Debug\link.6240-cvtres.write.1.tlog
O:\Temp\Win32Project1\Win32Project1\Debug\link.6240-rc.read.1.tlog
O:\Temp\Win32Project1\Win32Project1\Debug\link.6240-rc.write.1.tlog
O:\Temp\Win32Project1\Win32Project1\Debug\link.6240.read.1.tlog
O:\Temp\Win32Project1\Win32Project1\Debug\link.6240.write.1.tlog
O:\Temp\Win32Project1\Win32Project1\Debug\link.6560-cvtres.read.1.tlog
O:\Temp\Win32Project1\Win32Project1\Debug\link.6560-cvtres.write.1.tlog
O:\Temp\Win32Project1\Win32Project1\Debug\link.6560-rc.read.1.tlog
O:\Temp\Win32Project1\Win32Project1\Debug\link.6560-rc.write.1.tlog
O:\Temp\Win32Project1\Win32Project1\Debug\link.6560.read.1.tlog
O:\Temp\Win32Project1\Win32Project1\Debug\link.6560.write.1.tlog
O:\Temp\Win32Project1\Win32Project1\Debug\link.7020-cvtres.read.1.tlog
O:\Temp\Win32Project1\Win32Project1\Debug\link.7020-cvtres.write.1.tlog
O:\Temp\Win32Project1\Win32Project1\Debug\link.7020-rc.read.1.tlog
O:\Temp\Win32Project1\Win32Project1\Debug\link.7020-rc.write.1.tlog
O:\Temp\Win32Project1\Win32Project1\Debug\link.7020.read.1.tlog
O:\Temp\Win32Project1\Win32Project1\Debug\link.7020.write.1.tlog
O:\Temp\Win32Project1\Win32Project1\Debug\link.7096-cvtres.read.1.tlog
O:\Temp\Win32Project1\Win32Project1\Debug\link.7096-cvtres.write.1.tlog
O:\Temp\Win32Project1\Win32Project1\Debug\link.7096-rc.read.1.tlog
O:\Temp\Win32Project1\Win32Project1\Debug\link.7096-rc.write.1.tlog
O:\Temp\Win32Project1\Win32Project1\Debug\link.7096.read.1.tlog
O:\Temp\Win32Project1\Win32Project1\Debug\link.7096.write.1.tlog
O:\Temp\Win32Project1\Win32Project1\Debug\link.7244-cvtres.read.1.tlog
O:\Temp\Win32Project1\Win32Project1\Debug\link.7244-cvtres.write.1.tlog
O:\Temp\Win32Project1\Win32Project1\Debug\link.7244-rc.read.1.tlog
O:\Temp\Win32Project1\Win32Project1\Debug\link.7244-rc.write.1.tlog
O:\Temp\Win32Project1\Win32Project1\Debug\link.7244.read.1.tlog
O:\Temp\Win32Project1\Win32Project1\Debug\link.7244.write.1.tlog
O:\Temp\Win32Project1\Win32Project1\Debug\link.7336-cvtres.read.1.tlog
O:\Temp\Win32Project1\Win32Project1\Debug\link.7336-cvtres.write.1.tlog
O:\Temp\Win32Project1\Win32Project1\Debug\link.7336-rc.read.1.tlog
O:\Temp\Win32Project1\Win32Project1\Debug\link.7336-rc.write.1.tlog
O:\Temp\Win32Project1\Win32Project1\Debug\link.7336.read.1.tlog
O:\Temp\Win32Project1\Win32Project1\Debug\link.7336.write.1.tlog
O:\Temp\Win32Project1\Win32Project1\Debug\link.7412-cvtres.read.1.tlog
O:\Temp\Win32Project1\Win32Project1\Debug\link.7412-cvtres.write.1.tlog
O:\Temp\Win32Project1\Win32Project1\Debug\link.7412-rc.read.1.tlog
O:\Temp\Win32Project1\Win32Project1\Debug\link.7412-rc.write.1.tlog
O:\Temp\Win32Project1\Win32Project1\Debug\link.7412.read.1.tlog
O:\Temp\Win32Project1\Win32Project1\Debug\link.7412.write.1.tlog
O:\Temp\Win32Project1\Win32Project1\Debug\link.7500-cvtres.read.1.tlog
O:\Temp\Win32Project1\Win32Project1\Debug\link.7500-cvtres.write.1.tlog
O:\Temp\Win32Project1\Win32Project1\Debug\link.7500-rc.read.1.tlog
O:\Temp\Win32Project1\Win32Project1\Debug\link.7500-rc.write.1.tlog
O:\Temp\Win32Project1\Win32Project1\Debug\link.7500.read.1.tlog
O:\Temp\Win32Project1\Win32Project1\Debug\link.7500.write.1.tlog
O:\Temp\Win32Project1\Win32Project1\Debug\link.7520-cvtres.read.1.tlog
O:\Temp\Win32Project1\Win32Project1\Debug\link.7520-cvtres.write.1.tlog
O:\Temp\Win32Project1\Win32Project1\Debug\link.7520-rc.read.1.tlog
O:\Temp\Win32Project1\Win32Project1\Debug\link.7520-rc.write.1.tlog
O:\Temp\Win32Project1\Win32Project1\Debug\link.7520.read.1.tlog
O:\Temp\Win32Project1\Win32Project1\Debug\link.7520.write.1.tlog
O:\Temp\Win32Project1\Win32Project1\Debug\link.7824-cvtres.read.1.tlog
O:\Temp\Win32Project1\Win32Project1\Debug\link.7824-cvtres.write.1.tlog
O:\Temp\Win32Project1\Win32Project1\Debug\link.7824-rc.read.1.tlog
O:\Temp\Win32Project1\Win32Project1\Debug\link.7824-rc.write.1.tlog
O:\Temp\Win32Project1\Win32Project1\Debug\link.7824.read.1.tlog
O:\Temp\Win32Project1\Win32Project1\Debug\link.7824.write.1.tlog
O:\Temp\Win32Project1\Win32Project1\Debug\link.8268-cvtres.read.1.tlog
O:\Temp\Win32Project1\Win32Project1\Debug\link.8268-cvtres.write.1.tlog
O:\Temp\Win32Project1\Win32Project1\Debug\link.8268-rc.read.1.tlog
O:\Temp\Win32Project1\Win32Project1\Debug\link.8268-rc.write.1.tlog
O:\Temp\Win32Project1\Win32Project1\Debug\link.8268.read.1.tlog
O:\Temp\Win32Project1\Win32Project1\Debug\link.8268.write.1.tlog
O:\Temp\Win32Project1\Win32Project1\Debug\link.8352-cvtres.read.1.tlog
O:\Temp\Win32Project1\Win32Project1\Debug\link.8352-cvtres.write.1.tlog
O:\Temp\Win32Project1\Win32Project1\Debug\link.8352-rc.read.1.tlog
O:\Temp\Win32Project1\Win32Project1\Debug\link.8352-rc.write.1.tlog
O:\Temp\Win32Project1\Win32Project1\Debug\link.8352.read.1.tlog
O:\Temp\Win32Project1\Win32Project1\Debug\link.8352.write.1.tlog
O:\Temp\Win32Project1\Win32Project1\Debug\link.8664-cvtres.read.1.tlog
O:\Temp\Win32Project1\Win32Project1\Debug\link.8664-cvtres.write.1.tlog
O:\Temp\Win32Project1\Win32Project1\Debug\link.8664-rc.read.1.tlog
O:\Temp\Win32Project1\Win32Project1\Debug\link.8664-rc.write.1.tlog
O:\Temp\Win32Project1\Win32Project1\Debug\link.8664.read.1.tlog
O:\Temp\Win32Project1\Win32Project1\Debug\link.8664.write.1.tlog
O:\Temp\Win32Project1\Win32Project1\Debug\link.8700-cvtres.read.1.tlog
O:\Temp\Win32Project1\Win32Project1\Debug\link.8700-cvtres.write.1.tlog
O:\Temp\Win32Project1\Win32Project1\Debug\link.8700-rc.read.1.tlog
O:\Temp\Win32Project1\Win32Project1\Debug\link.8700-rc.write.1.tlog
O:\Temp\Win32Project1\Win32Project1\Debug\link.8700.read.1.tlog
O:\Temp\Win32Project1\Win32Project1\Debug\link.8700.write.1.tlog
O:\Temp\Win32Project1\Win32Project1\Debug\link.8900-cvtres.read.1.tlog
O:\Temp\Win32Project1\Win32Project1\Debug\link.8900-cvtres.write.1.tlog
O:\Temp\Win32Project1\Win32Project1\Debug\link.8900-rc.read.1.tlog
O:\Temp\Win32Project1\Win32Project1\Debug\link.8900-rc.write.1.tlog
O:\Temp\Win32Project1\Win32Project1\Debug\link.8900.read.1.tlog
O:\Temp\Win32Project1\Win32Project1\Debug\link.8900.write.1.tlog
O:\Temp\Win32Project1\Win32Project1\Debug\link.8912-cvtres.read.1.tlog
O:\Temp\Win32Project1\Win32Project1\Debug\link.8912-cvtres.write.1.tlog
O:\Temp\Win32Project1\Win32Project1\Debug\link.8912-rc.read.1.tlog
O:\Temp\Win32Project1\Win32Project1\Debug\link.8912-rc.write.1.tlog
O:\Temp\Win32Project1\Win32Project1\Debug\link.8912.read.1.tlog
O:\Temp\Win32Project1\Win32Project1\Debug\link.8912.write.1.tlog
O:\Temp\Win32Project1\Win32Project1\Debug\link.8960-cvtres.read.1.tlog
O:\Temp\Win32Project1\Win32Project1\Debug\link.8960-cvtres.write.1.tlog
O:\Temp\Win32Project1\Win32Project1\Debug\link.8960-rc.read.1.tlog
O:\Temp\Win32Project1\Win32Project1\Debug\link.8960-rc.write.1.tlog
O:\Temp\Win32Project1\Win32Project1\Debug\link.8960.read.1.tlog
O:\Temp\Win32Project1\Win32Project1\Debug\link.8960.write.1.tlog
O:\Temp\Win32Project1\Win32Project1\Debug\link.8984-cvtres.read.1.tlog
O:\Temp\Win32Project1\Win32Project1\Debug\link.8984-cvtres.write.1.tlog
O:\Temp\Win32Project1\Win32Project1\Debug\link.8984-rc.read.1.tlog
O:\Temp\Win32Project1\Win32Project1\Debug\link.8984-rc.write.1.tlog
O:\Temp\Win32Project1\Win32Project1\Debug\link.8984.read.1.tlog
O:\Temp\Win32Project1\Win32Project1\Debug\link.8984.write.1.tlog
O:\Temp\Win32Project1\Win32Project1\Debug\link.9136-cvtres.read.1.tlog
O:\Temp\Win32Project1\Win32Project1\Debug\link.9136-cvtres.write.1.tlog
O:\Temp\Win32Project1\Win32Project1\Debug\link.9136-rc.read.1.tlog
O:\Temp\Win32Project1\Win32Project1\Debug\link.9136-rc.write.1.tlog
O:\Temp\Win32Project1\Win32Project1\Debug\link.9136.read.1.tlog
O:\Temp\Win32Project1\Win32Project1\Debug\link.9136.write.1.tlog
O:\Temp\Win32Project1\Win32Project1\Debug\link.9256-cvtres.read.1.tlog
O:\Temp\Win32Project1\Win32Project1\Debug\link.9256-cvtres.write.1.tlog
O:\Temp\Win32Project1\Win32Project1\Debug\link.9256-rc.read.1.tlog
O:\Temp\Win32Project1\Win32Project1\Debug\link.9256-rc.write.1.tlog
O:\Temp\Win32Project1\Win32Project1\Debug\link.9256.read.1.tlog
O:\Temp\Win32Project1\Win32Project1\Debug\link.9256.write.1.tlog
O:\Temp\Win32Project1\Win32Project1\Debug\link.9528-cvtres.read.1.tlog
O:\Temp\Win32Project1\Win32Project1\Debug\link.9528-cvtres.write.1.tlog
O:\Temp\Win32Project1\Win32Project1\Debug\link.9528-rc.read.1.tlog
O:\Temp\Win32Project1\Win32Project1\Debug\link.9528-rc.write.1.tlog
O:\Temp\Win32Project1\Win32Project1\Debug\link.9528.read.1.tlog
O:\Temp\Win32Project1\Win32Project1\Debug\link.9528.write.1.tlog
O:\Temp\Win32Project1\Win32Project1\Debug\link.9644-cvtres.read.1.tlog
O:\Temp\Win32Project1\Win32Project1\Debug\link.9644-cvtres.write.1.tlog
O:\Temp\Win32Project1\Win32Project1\Debug\link.9644-rc.read.1.tlog
O:\Temp\Win32Project1\Win32Project1\Debug\link.9644-rc.write.1.tlog
O:\Temp\Win32Project1\Win32Project1\Debug\link.9644.read.1.tlog
O:\Temp\Win32Project1\Win32Project1\Debug\link.9644.write.1.tlog
O:\Temp\Win32Project1\Win32Project1\Debug\link.9844-cvtres.read.1.tlog
O:\Temp\Win32Project1\Win32Project1\Debug\link.9844-cvtres.write.1.tlog
O:\Temp\Win32Project1\Win32Project1\Debug\link.9844-rc.read.1.tlog
O:\Temp\Win32Project1\Win32Project1\Debug\link.9844-rc.write.1.tlog
O:\Temp\Win32Project1\Win32Project1\Debug\link.9844.read.1.tlog
O:\Temp\Win32Project1\Win32Project1\Debug\link.9844.write.1.tlog
O:\Temp\Win32Project1\Win32Project1\Debug\link.command.1.tlog
O:\Temp\Win32Project1\Win32Project1\Debug\link.read.1.tlog
O:\Temp\Win32Project1\Win32Project1\Debug\link.write.1.tlog
O:\Temp\Win32Project1\Win32Project1\Debug\vc110.idb
O:\Temp\Win32Project1\Win32Project1\Debug\vc110.pdb
O:\Temp\Win32Project1\Debug\Win32Project1.pdb
O:\Temp\Win32Project1\Debug\Win32Project1.exe
O:\Temp\Win32Project1\Debug\Win32Project1.ilk
