Build started 11/16/2014 11:36:25 PM.
     1>Project "O:\Temp\Win32Project1\Win32Project1\Win32Project1.vcxproj" on node 2 (Build target(s)).
     1>ClCompile:
         C:\Program Files (x86)\Microsoft Visual Studio 11.0\VC\bin\CL.exe /c /I"C:\Program Files\NVIDIA GPU Computing Toolkit\CUDA\v6.5\include" /ZI /nologo /W3 /WX- /Od /Oy- /D WIN32 /D _DEBUG /D _WINDOWS /D _UNICODE /D UNICODE /Gm /EHsc /RTC1 /MDd /GS /fp:precise /Zc:wchar_t /Zc:forScope /Fo"Debug\\" /Fd"Debug\vc110.pdb" /Gd /TP /analyze- /errorReport:prompt Asteroid.cpp Planet.cpp
         Planet.cpp
         Asteroid.cpp
         Generating Code...
       Link:
         C:\Program Files (x86)\Microsoft Visual Studio 11.0\VC\bin\link.exe /ERRORREPORT:PROMPT /OUT:"O:\Temp\Win32Project1\Debug\Win32Project1.exe" /INCREMENTAL /NOLOGO /LIBPATH:"C:\Program Files\NVIDIA GPU Computing Toolkit\CUDA\v6.5\lib\Win32" DevIL.lib opengl32.lib glew32.lib cudart.lib d3d11.lib d3dx11d.lib D3DCompiler.lib dxerr.lib dxgi.lib dxguid.lib kernel32.lib user32.lib gdi32.lib winspool.lib comdlg32.lib advapi32.lib shell32.lib ole32.lib oleaut32.lib uuid.lib odbc32.lib odbccp32.lib d3d11.lib d3dx11d.lib D3DCompiler.lib dxerr.lib dxgi.lib dxguid.lib kernel32.lib user32.lib gdi32.lib winspool.lib comdlg32.lib advapi32.lib shell32.lib ole32.lib oleaut32.lib uuid.lib odbc32.lib odbccp32.lib kernel32.lib user32.lib gdi32.lib winspool.lib comdlg32.lib advapi32.lib shell32.lib ole32.lib oleaut32.lib uuid.lib odbc32.lib odbccp32.lib /MANIFEST /MANIFESTUAC:"level='asInvoker' uiAccess='false'" /manifest:embed /DEBUG /PDB:"O:\Temp\Win32Project1\Debug\Win32Project1.pdb" /SUBSYSTEM:WINDOWS /TLBID:1 /DYNAMICBASE /NXCOMPAT /IMPLIB:"O:\Temp\Win32Project1\Debug\Win32Project1.lib" /MACHINE:X86 Debug\kernel.cu.obj
         Debug\Asteroid.obj
         Debug\Camera.obj
         Debug\Engine.obj
         Debug\Enviroment.obj
         Debug\GraphicsGL.obj
         Debug\Laser.obj
         Debug\Main.obj
         Debug\Mesh.obj
         Debug\MeshContainer.obj
         Debug\Object.obj
         Debug\Physics.obj
         Debug\Planet.obj
         Debug\Player.obj
         Debug\Precompiled.obj
         Debug\Reticle.obj
         Debug\Shader.obj
         Debug\ShaderContainer.obj
         Debug\Texture.obj
         Debug\TextureContainer.obj
         Debug\Time.obj
         Debug\Uniform.obj
         Debug\World.obj
         Win32Project1.vcxproj -> O:\Temp\Win32Project1\Debug\Win32Project1.exe
     1>Done Building Project "O:\Temp\Win32Project1\Win32Project1\Win32Project1.vcxproj" (Build target(s)).

Build succeeded.

Time Elapsed 00:00:03.37
